Build started 3/25/2015 9:47:05 PM.
     1>Project "D:\program\github\RenderFish\Camera\Camera.vcxproj" on node 4 (Build target(s)).
     1>CustomBuild:
         fxc compile for debug: D:\program\github\RenderFish\HLSL\Basic.fx
         Microsoft (R) Direct3D Shader Compiler 6.3.9600.16384
         Copyright (C) 2013 Microsoft. All rights reserved.
         
     1>CUSTOMBUILD : warning X4717: Effects deprecated for D3DCompiler_47
         
         compilation code save succeeded; see Basic.cod
         compilation object save succeeded; see D:\program\github\RenderFish\HLSL\Basic.fxo
         fxc compile for debug: D:\program\github\RenderFish\HLSL\LightHelper.fx
         Microsoft (R) Direct3D Shader Compiler 6.3.9600.16384
         Copyright (C) 2013 Microsoft. All rights reserved.
         
     1>CUSTOMBUILD : warning X4717: Effects deprecated for D3DCompiler_47
         
         compilation code save succeeded; see LightHelper.cod
         compilation object save succeeded; see D:\program\github\RenderFish\HLSL\LightHelper.fxo
         fxc compile for debug: D:\program\github\RenderFish\HLSL\test.fx
         Microsoft (R) Direct3D Shader Compiler 6.3.9600.16384
         Copyright (C) 2013 Microsoft. All rights reserved.
         
     1>CUSTOMBUILD : warning X4717: Effects deprecated for D3DCompiler_47
         
         compilation code save succeeded; see test.cod
         compilation object save succeeded; see D:\program\github\RenderFish\HLSL\test.fxo
     1>Done Building Project "D:\program\github\RenderFish\Camera\Camera.vcxproj" (Build target(s)) -- FAILED.

Build FAILED.

Time Elapsed 00:00:02.18
